(status): Nexxim version: 2025.2.0 WIN64, build time: May 16 2025, 12:12:19

(status): Analyzing C:/Users/kunshpreetbaweja/github/AiCamera/siwave/main.siwaveresults/Designer/SIwizard1_schematic.aedtresults/main_SIwizard1/temp/DV818_S814_V0.cir.
(info): Processing circuit for new analysis.
omp(status): Requested number of threads in UI setting is 4
circuit_details(status): Total device types: 5
device type                                       number of devices
----------------------------------------------------------------------
eye_probe                                         29
eye_source                                        29
field_solver_cosim                                1
ibis_unified_device_wrapper                       16
ibis_wrapper                                      42
(status): License checkout took 0.528 seconds.
models:ibis_wrapper(status): IbisParser - 
Checking w9825g6kh_-40~85c.ibs for IBIS 3.2 Compatibility...
models:ibis_wrapper(status): IbisParser - 
Checking fpga-new.ibs for IBIS 4.2 Compatibility...
models:ibis_wrapper(warning): IbisParser - WARNING (line  158) - IBIS files should not contain tab characters.
models:field_solver_cosim(status): fieldsolver:100 - Cosimulation data transfer complete. Number of freq points = 827.
models:s_element(status): fieldsolver:100.s - State-space system file 'C:/Users/kunshpreetbaweja/github/AiCamera/siwave/main.siwaveresults/Designer/SIwizard1_schematic.aedtresults/main_SIwizard1/temp/sss_1f757466fc225a3893eb4b35de166067_58.sss' not found.
models:s_element(status): fieldsolver:100.s - Fitting state-space system using FastFit.
models:s_element(status): fieldsolver:100.s - Wrote updated state-space system 'C:/Users/kunshpreetbaweja/github/AiCamera/siwave/main.siwaveresults/Designer/SIwizard1_schematic.aedtresults/main_SIwizard1/temp/sss_1f757466fc225a3893eb4b35de166067_58.sss'.
models:s_element(status): fieldsolver:100.s - Final error: 0.0043433
models:s_element(warning): fieldsolver:100.s - Fit is not passive (maximum passivity violation is 0.19991). Results can be unstable or inaccurate. If results seem suspect, repeat the simulation with passivity enforced.
models:s_element(status): fieldsolver:100.s - Final model order: 17864
(info): Starting analysis type TRAN.
analysis:dc(status): Total DC newton iterations = 18, DC conv = 1.
analysis:tran(status): Large voltage ratio detected.
analysis:tran(status): converged=1, dc_cpu_time=17.627, timesteps=1046, reltol=0.001, vntol=5e-05, maxstep=6.5e-10, failed_LTEs=8, newton_iters=2219, abstol=1e-09, failed_newtons=0, avg_newtons=2.1, max_newtons=5

analysis:tran(status): Large voltage ratio (V_max/V_min) is detected, which may undermine the accuracy of solution. Please try setting the Error reference (relref) to alllocal or pointlocal if the result is unexpected.
(status): TRAN cpu time = 88.027
(info): Simulation succeeded. Total simulator time: 0:04:49
(status): Start Time:  02/05/2026 08:11:06, End Time:  02/05/2026 08:15:56, Host ME5159-UGRAD-05, 
