
map -a "ECP5U" -p LFE5U-25F -t CABGA256 -s 6 -oc Commercial   "AICAM_impl1.ngd" -o "AICAM_impl1_map.ncd" -pr "AICAM_impl1.prf" -mp "AICAM_impl1.mrp" -lpf "C:/Users/kunsh/Desktop/AiCamera/Lattice Diamond/impl1/AICAM_impl1.lpf" -lpf "C:/Users/kunsh/Desktop/AiCamera/Lattice Diamond/AICAM.lpf"             
map:  version Diamond (64-bit) 3.14.0.75.2

Copyright (c) 1991-1994 by NeoCAD Inc. All rights reserved.
Copyright (c) 1995 AT&T Corp.   All rights reserved.
Copyright (c) 1995-2001 Lucent Technologies Inc.  All rights reserved.
Copyright (c) 2001 Agere Systems   All rights reserved.
Copyright (c) 2002-2024 Lattice Semiconductor Corporation,  All rights reserved.
   Process the file: AICAM_impl1.ngd
   Picdevice="LFE5U-25F"

   Pictype="CABGA256"

   Picspeed=6

   Remove unused logic

   Do not produce over sized NCDs.

Part used: LFE5U-25FCABGA256, Performance used: 6.

    <postMsg mid="1101060" type="Warning" dynamic="2" navigation="2" arg0="C:/Users/kunsh/Desktop/AiCamera/Lattice Diamond/AICAM.lpf(23): Syntax error in &quot;LOCATE COMP &quot;cam_scl&quot; SITE &quot;A10&quot; ; IO_TYPE PORT &quot;cam_scl&quot; IO_TYPE=LVCMOS18 DRIVE=4 SLEWRATE=SLOW ;&quot;: " arg1="IO_TYPE" arg2="C:/Users/kunsh/Desktop/AiCamera/Lattice Diamond/AICAM.lpf" arg3="23"  />
    <postMsg mid="1101060" type="Warning" dynamic="2" navigation="2" arg0="C:/Users/kunsh/Desktop/AiCamera/Lattice Diamond/AICAM.lpf(24): Syntax error in &quot;LOCATE COMP &quot;cam_sda&quot; SITE &quot;B9&quot; ; IO_TYPE PORT &quot;cam_sda&quot; IO_TYPE=LVCMOS18 OPENDRAIN=ON ; &quot;: " arg1="IO_TYPE" arg2="C:/Users/kunsh/Desktop/AiCamera/Lattice Diamond/AICAM.lpf" arg3="24"  />
    <postMsg mid="1101060" type="Warning" dynamic="2" navigation="2" arg0="C:/Users/kunsh/Desktop/AiCamera/Lattice Diamond/AICAM.lpf(80): Syntax error in &quot;LOCATE COMP &quot;ESP_D[0]&quot; SITE &quot;E2&quot; ;IO_TYPE PORT &quot;ESP_D[0]&quot; IO_TYPE=LVCMOS33 PULLMODE=NONE ;&quot;: " arg1="IO_TYPE" arg2="C:/Users/kunsh/Desktop/AiCamera/Lattice Diamond/AICAM.lpf" arg3="80"  />
    <postMsg mid="1101060" type="Warning" dynamic="2" navigation="2" arg0="C:/Users/kunsh/Desktop/AiCamera/Lattice Diamond/AICAM.lpf(81): Syntax error in &quot;LOCATE COMP &quot;ESP_D[1]&quot; SITE &quot;E1&quot; ;IO_TYPE PORT &quot;ESP_D[1]&quot; IO_TYPE=LVCMOS33 PULLMODE=NONE ;&quot;: " arg1="IO_TYPE" arg2="C:/Users/kunsh/Desktop/AiCamera/Lattice Diamond/AICAM.lpf" arg3="81"  />
    <postMsg mid="1101060" type="Warning" dynamic="2" navigation="2" arg0="C:/Users/kunsh/Desktop/AiCamera/Lattice Diamond/AICAM.lpf(82): Syntax error in &quot;LOCATE COMP &quot;ESP_D[2]&quot; SITE &quot;F2&quot; ;IO_TYPE PORT &quot;ESP_D[2]&quot; IO_TYPE=LVCMOS33 PULLMODE=NONE ;&quot;: " arg1="IO_TYPE" arg2="C:/Users/kunsh/Desktop/AiCamera/Lattice Diamond/AICAM.lpf" arg3="82"  />
    <postMsg mid="1101060" type="Warning" dynamic="2" navigation="2" arg0="C:/Users/kunsh/Desktop/AiCamera/Lattice Diamond/AICAM.lpf(83): Syntax error in &quot;LOCATE COMP &quot;ESP_D[3]&quot; SITE &quot;F3&quot; ;IO_TYPE PORT &quot;ESP_D[3]&quot; IO_TYPE=LVCMOS33 PULLMODE=NONE ;&quot;: " arg1="IO_TYPE" arg2="C:/Users/kunsh/Desktop/AiCamera/Lattice Diamond/AICAM.lpf" arg3="83"  />
    <postMsg mid="1101060" type="Warning" dynamic="2" navigation="2" arg0="C:/Users/kunsh/Desktop/AiCamera/Lattice Diamond/AICAM.lpf(84): Syntax error in &quot;LOCATE COMP &quot;ESP_D[4]&quot; SITE &quot;G2&quot; ;IO_TYPE PORT &quot;ESP_D[4]&quot; IO_TYPE=LVCMOS33 PULLMODE=NONE ;&quot;: " arg1="IO_TYPE" arg2="C:/Users/kunsh/Desktop/AiCamera/Lattice Diamond/AICAM.lpf" arg3="84"  />
    <postMsg mid="1101060" type="Warning" dynamic="2" navigation="2" arg0="C:/Users/kunsh/Desktop/AiCamera/Lattice Diamond/AICAM.lpf(85): Syntax error in &quot;LOCATE COMP &quot;ESP_D[5]&quot; SITE &quot;G1&quot; ;IO_TYPE PORT &quot;ESP_D[5]&quot; IO_TYPE=LVCMOS33 PULLMODE=NONE ;&quot;: " arg1="IO_TYPE" arg2="C:/Users/kunsh/Desktop/AiCamera/Lattice Diamond/AICAM.lpf" arg3="85"  />
    <postMsg mid="1101060" type="Warning" dynamic="2" navigation="2" arg0="C:/Users/kunsh/Desktop/AiCamera/Lattice Diamond/AICAM.lpf(86): Syntax error in &quot;LOCATE COMP &quot;ESP_D[6]&quot; SITE &quot;J1&quot; ;IO_TYPE PORT &quot;ESP_D[6]&quot; IO_TYPE=LVCMOS33 PULLMODE=NONE ;&quot;: " arg1="IO_TYPE" arg2="C:/Users/kunsh/Desktop/AiCamera/Lattice Diamond/AICAM.lpf" arg3="86"  />
    <postMsg mid="1101060" type="Warning" dynamic="2" navigation="2" arg0="C:/Users/kunsh/Desktop/AiCamera/Lattice Diamond/AICAM.lpf(87): Syntax error in &quot;LOCATE COMP &quot;ESP_D[7]&quot; SITE &quot;J2&quot; ;IO_TYPE PORT &quot;ESP_D[7]&quot; IO_TYPE=LVCMOS33 PULLMODE=NONE ;&quot;: " arg1="IO_TYPE" arg2="C:/Users/kunsh/Desktop/AiCamera/Lattice Diamond/AICAM.lpf" arg3="87"  />
    <postMsg mid="1104062" type="Warning" dynamic="2" navigation="0" arg0="" arg1="10 syntax errors"  />
    <postMsg mid="51001209" type="Error"   dynamic="1" navigation="0" arg0="C:/Users/kunsh/Desktop/AiCamera/Lattice Diamond/AICAM.lpf"  />
Loading device for application map from file 'sa5p25.nph' in environment: C:/lscc/diamond/3.14/ispfpga.
Package Status:                     Final          Version 1.44.

Running general design DRC...

    <postMsg mid="1166064" type="Warning" dynamic="2" navigation="0" arg0="input" arg1="cam_scl"  />
    <postMsg mid="1166064" type="Warning" dynamic="2" navigation="0" arg0="input" arg1="cam_sda"  />
    <postMsg mid="1166064" type="Warning" dynamic="2" navigation="0" arg0="input" arg1="ESP_D[7]"  />
    <postMsg mid="1166064" type="Warning" dynamic="2" navigation="0" arg0="input" arg1="ESP_D[6]"  />
    <postMsg mid="1166064" type="Warning" dynamic="2" navigation="0" arg0="input" arg1="ESP_D[5]"  />
    <postMsg mid="1166064" type="Warning" dynamic="2" navigation="0" arg0="input" arg1="ESP_D[4]"  />
    <postMsg mid="1166064" type="Warning" dynamic="2" navigation="0" arg0="input" arg1="ESP_D[3]"  />
    <postMsg mid="1166064" type="Warning" dynamic="2" navigation="0" arg0="input" arg1="ESP_D[2]"  />
    <postMsg mid="1166064" type="Warning" dynamic="2" navigation="0" arg0="input" arg1="ESP_D[1]"  />
    <postMsg mid="1166064" type="Warning" dynamic="2" navigation="0" arg0="input" arg1="ESP_D[0]"  />
    <postMsg mid="1166064" type="Warning" dynamic="2" navigation="0" arg0="input" arg1="PROGRAMN"  />
    <postMsg mid="1166064" type="Warning" dynamic="2" navigation="0" arg0="input" arg1="INITN"  />
    <postMsg mid="1166064" type="Warning" dynamic="2" navigation="0" arg0="input" arg1="DONE"  />
    <postMsg mid="51001088" type="Info"    dynamic="0" navigation="0"  />
 

   Number of warnings:  24
   Number of errors:    1

