Results of NGD DRC are available in fpga_top_drc.log.
Loading NGL library 'C:/lscc/diamond/3.14/ispfpga/sa5p00/data/sa5plib.ngl'...
Loading NGL library 'C:/lscc/diamond/3.14/ispfpga/xo2c00/data/xo2clib.ngl'...
Loading NGL library 'C:/lscc/diamond/3.14/ispfpga/mg5g00/data/mg5glib.ngl'...
Loading NGL library 'C:/lscc/diamond/3.14/ispfpga/or5g00/data/orc5glib.ngl'...


Running DRC...

WARNING - synthesis: logical net 'VSYNC' has no load.
WARNING - synthesis: input pad net 'VSYNC' has no legal load.
WARNING - synthesis: logical net 'HREF' has no load.
WARNING - synthesis: input pad net 'HREF' has no legal load.
WARNING - synthesis: logical net 'PCLK' has no load.
WARNING - synthesis: input pad net 'PCLK' has no legal load.
WARNING - synthesis: logical net 'Y9' has no load.
WARNING - synthesis: input pad net 'Y9' has no legal load.
WARNING - synthesis: logical net 'Y8' has no load.
WARNING - synthesis: input pad net 'Y8' has no legal load.
WARNING - synthesis: logical net 'Y7' has no load.
WARNING - synthesis: input pad net 'Y7' has no legal load.
WARNING - synthesis: logical net 'Y6' has no load.
WARNING - synthesis: input pad net 'Y6' has no legal load.
WARNING - synthesis: logical net 'Y5' has no load.
WARNING - synthesis: input pad net 'Y5' has no legal load.
WARNING - synthesis: logical net 'Y4' has no load.
WARNING - synthesis: input pad net 'Y4' has no legal load.
WARNING - synthesis: logical net 'Y3' has no load.
WARNING - synthesis: input pad net 'Y3' has no legal load.
WARNING - synthesis: logical net 'Y2' has no load.
WARNING - synthesis: input pad net 'Y2' has no legal load.
WARNING - synthesis: logical net 'DIN' has no load.
WARNING - synthesis: input pad net 'DIN' has no legal load.
WARNING - synthesis: logical net 'CCLK' has no load.
WARNING - synthesis: input pad net 'CCLK' has no legal load.
WARNING - synthesis: logical net 'SSPI_CS_n' has no load.
WARNING - synthesis: input pad net 'SSPI_CS_n' has no legal load.
WARNING - synthesis: DRC complete with 28 warnings.

Design Results:
   1629 blocks expanded
completed the first expansion
All blocks are expanded and NGD expansion is successful.
Writing NGD file AICAM_impl1.ngd.
