synthesis:  version Diamond (64-bit) 3.14.0.75.2

Copyright (c) 1991-1994 by NeoCAD Inc. All rights reserved.
Copyright (c) 1995 AT&T Corp.   All rights reserved.
Copyright (c) 1995-2001 Lucent Technologies Inc.  All rights reserved.
Copyright (c) 2001 Agere Systems   All rights reserved.
Copyright (c) 2002-2024 Lattice Semiconductor Corporation,  All rights reserved.
Fri Feb 06 05:10:57 2026


Command Line:  synthesis -f AICAM_impl1_lattice.synproj -gui -msgset C:/Users/kunsh/Desktop/AiCamera/Lattice Diamond/promote.xml 

Synthesis options:
The -a option is ECP5U.
The -s option is 6.
The -t option is CABGA256.
The -d option is LFE5U-25F.
Using package CABGA256.
Using performance grade 6.
                                                          

##########################################################

### Lattice Family : ECP5U

### Device  : LFE5U-25F

### Package : CABGA256

### Speed   : 6

##########################################################

                                                          

INFO - synthesis: User-Selected Strategy Settings
Optimization goal = Timing
Top-level module name = fpga_top.
Target frequency = 200.000000 MHz.
Maximum fanout = 1000.
Timing path count = 3
BRAM utilization = 100.000000 %
DSP usage = true
DSP utilization = 100.000000 %
fsm_encoding_style = auto
resolve_mixed_drivers = 0
fix_gated_clocks = 1

Mux style = Auto
Use Carry Chain = true
carry_chain_length = 0
Loop Limit = 1950.
Use IO Insertion = TRUE
Use IO Reg = AUTO

Resource Sharing = TRUE
Propagate Constants = TRUE
Remove Duplicate Registers = TRUE
force_gsr = auto
ROM style = auto
RAM style = auto
The -comp option is FALSE.
The -syn option is FALSE.
-p C:/Users/kunsh/Desktop/AiCamera/Lattice Diamond (searchpath added)
-p C:/lscc/diamond/3.14/ispfpga/sa5p00/data (searchpath added)
-p C:/Users/kunsh/Desktop/AiCamera/Lattice Diamond/impl1 (searchpath added)
-p C:/Users/kunsh/Desktop/AiCamera/Lattice Diamond (searchpath added)
Verilog design file = C:/Users/kunsh/Desktop/AiCamera/Lattice Diamond/fpga_top.v
NGD file = AICAM_impl1.ngd
-sdc option: SDC file input not used.
-lpf option: Output file option is ON.
Hardtimer checking is enabled (default). The -dt option is not used.
The -r option is OFF. [ Remove LOC Properties is OFF. ]
Technology check ok...

Analyzing Verilog file C:/lscc/diamond/3.14/ispfpga/userware/NT/SYNTHESIS_HEADERS/ecp5u.v. VERI-1482
Compile design.
Compile Design Begin
Analyzing Verilog file c:/users/kunsh/desktop/aicamera/lattice diamond/fpga_top.v. VERI-1482
Analyzing Verilog file C:/lscc/diamond/3.14/ispfpga/userware/NT/SYNTHESIS_HEADERS/ecp5u.v. VERI-1482
Top module name (Verilog): fpga_top
INFO - synthesis: c:/users/kunsh/desktop/aicamera/lattice diamond/fpga_top.v(13): compiling module fpga_top. VERI-1018
INFO - synthesis: c:/users/kunsh/desktop/aicamera/lattice diamond/fpga_top.v(334): compiling module camera_capture_stub. VERI-1018
INFO - synthesis: c:/users/kunsh/desktop/aicamera/lattice diamond/fpga_top.v(367): compiling module sccb_i2c_master_stub. VERI-1018
WARNING - synthesis: c:/users/kunsh/desktop/aicamera/lattice diamond/fpga_top.v(390): Register sda_oe_9 is stuck at Zero. VDB-5013
WARNING - synthesis: c:/users/kunsh/desktop/aicamera/lattice diamond/fpga_top.v(390): Register scl_8 is stuck at One. VDB-5014
INFO - synthesis: c:/users/kunsh/desktop/aicamera/lattice diamond/fpga_top.v(396): compiling module sdram_controller_stub. VERI-1018
WARNING - synthesis: c:/users/kunsh/desktop/aicamera/lattice diamond/fpga_top.v(453): Register sd_cs_n_23 is stuck at One. VDB-5014
WARNING - synthesis: c:/users/kunsh/desktop/aicamera/lattice diamond/fpga_top.v(453): Register sd_dq_oe_31 is stuck at Zero. VDB-5013
INFO - synthesis: c:/users/kunsh/desktop/aicamera/lattice diamond/fpga_top.v(459): compiling module esp32_link_stub. VERI-1018
INFO - synthesis: c:/users/kunsh/desktop/aicamera/lattice diamond/fpga_top.v(508): compiling module sdio_cam_writer_example. VERI-1018
Loading NGL library 'C:/lscc/diamond/3.14/ispfpga/sa5p00/data/sa5plib.ngl'...
Loading NGL library 'C:/lscc/diamond/3.14/ispfpga/xo2c00/data/xo2clib.ngl'...
Loading NGL library 'C:/lscc/diamond/3.14/ispfpga/mg5g00/data/mg5glib.ngl'...
Loading NGL library 'C:/lscc/diamond/3.14/ispfpga/or5g00/data/orc5glib.ngl'...
Loading device for application map from file 'sa5p25.nph' in environment: C:/lscc/diamond/3.14/ispfpga.
Package Status:                     Final          Version 1.44.
Top-level module name = fpga_top.
######## Converting I/O port cam_sda to output.
######## Converting I/O port SD_DQ[15] to output.
######## Converting I/O port SD_DQ[14] to output.
######## Converting I/O port SD_DQ[13] to output.
######## Converting I/O port SD_DQ[12] to output.
######## Converting I/O port SD_DQ[11] to output.
######## Converting I/O port SD_DQ[10] to output.
######## Converting I/O port SD_DQ[9] to output.
######## Converting I/O port SD_DQ[8] to output.
######## Converting I/O port SD_DQ[7] to output.
######## Converting I/O port SD_DQ[6] to output.
######## Converting I/O port SD_DQ[5] to output.
######## Converting I/O port SD_DQ[4] to output.
######## Converting I/O port SD_DQ[3] to output.
######## Converting I/O port SD_DQ[2] to output.
######## Converting I/O port SD_DQ[1] to output.
######## Converting I/O port SD_DQ[0] to output.
######## Converting I/O port ESP_D[7] to output.
######## Converting I/O port ESP_D[6] to output.
######## Converting I/O port ESP_D[5] to output.
######## Converting I/O port ESP_D[4] to output.
######## Converting I/O port ESP_D[3] to output.
######## Converting I/O port ESP_D[2] to output.
######## Converting I/O port ESP_D[1] to output.
######## Converting I/O port ESP_D[0] to output.
######## Converting I/O port M_CMD to output.
######## Converting I/O port M_D1 to output.
######## Converting I/O port M_D2 to output.
######## Converting I/O port M_D3 to output.
WARNING - synthesis: Bit 12 of Register \u_sdram/sd_a is stuck at Zero
WARNING - synthesis: Bit 11 of Register \u_sdram/sd_a is stuck at Zero
WARNING - synthesis: Bit 10 of Register \u_sdram/sd_a is stuck at Zero
WARNING - synthesis: Bit 9 of Register \u_sdram/sd_a is stuck at Zero
WARNING - synthesis: Bit 8 of Register \u_sdram/sd_a is stuck at Zero
WARNING - synthesis: Bit 7 of Register \u_sdram/sd_a is stuck at Zero
WARNING - synthesis: Bit 6 of Register \u_sdram/sd_a is stuck at Zero
WARNING - synthesis: Bit 5 of Register \u_sdram/sd_a is stuck at Zero
WARNING - synthesis: Bit 4 of Register \u_sdram/sd_a is stuck at Zero
WARNING - synthesis: Bit 3 of Register \u_sdram/sd_a is stuck at Zero
WARNING - synthesis: Bit 2 of Register \u_sdram/sd_a is stuck at Zero
WARNING - synthesis: Bit 1 of Register \u_sdram/sd_a is stuck at Zero
WARNING - synthesis: Bit 0 of Register \u_sdram/sd_a is stuck at Zero
WARNING - synthesis: Bit 1 of Register \u_sdram/sd_ba is stuck at Zero
WARNING - synthesis: Bit 0 of Register \u_sdram/sd_ba is stuck at Zero
WARNING - synthesis: Bit 1 of Register \u_sdram/sd_dqm is stuck at Zero
WARNING - synthesis: Bit 0 of Register \u_sdram/sd_dqm is stuck at Zero
WARNING - synthesis: c:/users/kunsh/desktop/aicamera/lattice diamond/fpga_top.v(765): Register \u_sdio_cam/d1_out_205 is stuck at One. VDB-5014
INFO - synthesis: Extracted state machine for register '\u_sdio_cam/state' with one-hot encoding
original encoding -> new encoding (one-hot encoding)

 000 -> 00001

 010 -> 00010

 100 -> 00100

 101 -> 01000

 110 -> 10000




WARNING - synthesis: Bit 47 of Register \u_sdio_cam/cmd_frame is stuck at Zero
WARNING - synthesis: Bit 46 of Register \u_sdio_cam/cmd_frame is stuck at One
WARNING - synthesis: Bit 45 of Register \u_sdio_cam/cmd_frame is stuck at Zero
WARNING - synthesis: Bit 44 of Register \u_sdio_cam/cmd_frame is stuck at One
WARNING - synthesis: Bit 43 of Register \u_sdio_cam/cmd_frame is stuck at One
WARNING - synthesis: Bit 42 of Register \u_sdio_cam/cmd_frame is stuck at Zero
WARNING - synthesis: Bit 41 of Register \u_sdio_cam/cmd_frame is stuck at Zero
WARNING - synthesis: Bit 40 of Register \u_sdio_cam/cmd_frame is stuck at Zero
WARNING - synthesis: Bit 0 of Register \u_sdio_cam/cmd_frame is stuck at One
WARNING - synthesis: Bit 15 of Register \u_sdram/sd_dq_out is stuck at Zero
WARNING - synthesis: Bit 14 of Register \u_sdram/sd_dq_out is stuck at Zero
WARNING - synthesis: Bit 13 of Register \u_sdram/sd_dq_out is stuck at Zero
WARNING - synthesis: Bit 12 of Register \u_sdram/sd_dq_out is stuck at Zero
WARNING - synthesis: Bit 11 of Register \u_sdram/sd_dq_out is stuck at Zero
WARNING - synthesis: Bit 10 of Register \u_sdram/sd_dq_out is stuck at Zero
WARNING - synthesis: Bit 9 of Register \u_sdram/sd_dq_out is stuck at Zero
WARNING - synthesis: Bit 8 of Register \u_sdram/sd_dq_out is stuck at Zero
WARNING - synthesis: c:/users/kunsh/desktop/aicamera/lattice diamond/fpga_top.v(765): Register \u_sdio_cam/d3_oe_208 is stuck at Zero. VDB-5013
WARNING - synthesis: c:/users/kunsh/desktop/aicamera/lattice diamond/fpga_top.v(763): Register \u_sdio_cam/state_FSM_i1 is stuck at Zero. VDB-5013
GSR will not be inferred because no asynchronous signal was found in the netlist.
Applying 200.000000 MHz constraint to all clocks

WARNING - synthesis: No user .sdc file.
Results of NGD DRC are available in fpga_top_drc.log.
Loading NGL library 'C:/lscc/diamond/3.14/ispfpga/sa5p00/data/sa5plib.ngl'...
Loading NGL library 'C:/lscc/diamond/3.14/ispfpga/xo2c00/data/xo2clib.ngl'...
Loading NGL library 'C:/lscc/diamond/3.14/ispfpga/mg5g00/data/mg5glib.ngl'...
Loading NGL library 'C:/lscc/diamond/3.14/ispfpga/or5g00/data/orc5glib.ngl'...
All blocks are expanded and NGD expansion is successful.
Writing NGD file AICAM_impl1.ngd.

################### Begin Area Report (fpga_top)######################
Number of register bits => 4284 of 24879 (17 % )
BB => 1
CCU2C => 35
FD1P3AX => 4153
FD1P3IX => 95
FD1P3JX => 5
FD1S3AX => 7
FD1S3AY => 3
FD1S3IX => 20
FD1S3JX => 1
GSR => 1
IB => 15
L6MUX21 => 818
LUT4 => 2972
OB => 26
OBZ => 29
PFUMX => 1094
################### End Area Report ##################

################### Begin Clock Report ######################
Clock Nets
Number of Clocks: 3
  Net : CRYSTAL_c, loads : 4257
  Net : PCLK_c, loads : 19
  Net : CCLK_c, loads : 8
Clock Enable Nets
Number of Clock Enables: 530
Top 10 highest fanout Clock Enables:
  Net : u_sdio_cam/CRYSTAL_c_enable_4149, loads : 39
  Net : CRYSTAL_c_enable_4220, loads : 31
  Net : u_sdio_cam/CRYSTAL_c_enable_2025, loads : 8
  Net : u_sdio_cam/CRYSTAL_c_enable_2041, loads : 8
  Net : u_sdio_cam/CRYSTAL_c_enable_2057, loads : 8
  Net : u_sdio_cam/CRYSTAL_c_enable_2065, loads : 8
  Net : u_sdio_cam/CRYSTAL_c_enable_4223, loads : 8
  Net : u_sdio_cam/CRYSTAL_c_enable_2073, loads : 8
  Net : u_sdio_cam/CRYSTAL_c_enable_33, loads : 8
  Net : u_sdio_cam/CRYSTAL_c_enable_2081, loads : 8
Highest fanout non-clock nets
Top 10 highest fanout non-clock nets:
  Net : u_sdio_cam/maxfan_replicated_net_999, loads : 1000
  Net : u_sdio_cam/rd_byte_1, loads : 999
  Net : u_sdio_cam/rd_byte_0, loads : 999
  Net : u_sdio_cam/rd_byte_2, loads : 515
  Net : cam_byte_hold_7, loads : 512
  Net : cam_byte_hold_6, loads : 512
  Net : cam_byte_hold_5, loads : 512
  Net : cam_byte_hold_4, loads : 512
  Net : cam_byte_hold_3, loads : 512
  Net : cam_byte_hold_2, loads : 512
################### End Clock Report ##################

Timing Report Summary
--------------
--------------------------------------------------------------------------------
Constraint                              |   Constraint|       Actual|Levels
--------------------------------------------------------------------------------
                                        |             |             |
create_clock -period 5.000000 -name     |             |             |
clk2 [get_nets CCLK_c]                  |  200.000 MHz|  417.362 MHz|     2  
                                        |             |             |
create_clock -period 5.000000 -name     |             |             |
clk1 [get_nets PCLK_c]                  |  200.000 MHz|  286.862 MHz|     2  
                                        |             |             |
create_clock -period 5.000000 -name     |             |             |
clk0 [get_nets CRYSTAL_c]               |  200.000 MHz|   77.471 MHz|    14 *
                                        |             |             |
--------------------------------------------------------------------------------


1 constraints not met.


Peak Memory Usage: 144.238  MB

--------------------------------------------------------------
Elapsed CPU time for LSE flow : 5.828  secs
--------------------------------------------------------------
