SCUBA, Version Diamond (64-bit) 3.14.0.75.2
Fri Mar 06 02:32:42 2026
  
Copyright (c) 1991-1994 by NeoCAD Inc. All rights reserved.
Copyright (c) 1995 AT&T Corp.   All rights reserved.
Copyright (c) 1995-2001 Lucent Technologies Inc.  All rights reserved.
Copyright (c) 2001 Agere Systems   All rights reserved.
Copyright (c) 2002-2024 Lattice Semiconductor Corporation,  All rights reserved.
  
BEGIN SCUBA Module Synthesis
  
    Issued command   : C:\lscc\diamond\3.14\ispfpga\bin\nt64\scuba.exe -w -n PLL -lang verilog -synth lse -bus_exp 7 -bb -arch sa5p00 -type pll -fin 24.00 -fclkop 48.00 -fclkop_tol 0.0 -fclkos 24.00 -fclkos_tol 0.0 -phases 0 -phase_cntl STATIC -fb_mode 1 
    Circuit name     : PLL
    Module type      : pll
    Module Version   : 5.7
    Ports            : 
    Inputs       : CLKI
    Outputs      : CLKOP, CLKOS
    I/O buffer       : not inserted
    EDIF output      : PLL.edn
    Verilog output   : PLL.v
    Verilog template : PLL_tmpl.v
    Verilog purpose  : for synthesis and simulation
    Bus notation     : big endian
    Report output    : PLL.srp
    Estimated Resource Usage:
  
END   SCUBA Module Synthesis

